Script started at Fri Feb 21 08:17:26 AST 2025
Summaries will be saved to overview.txt
Processing ages-of-discord.txt
Temporary directory created: /mnt/c/Users/nateg/OneDrive/Documentos/GitHub/arcanum/cliodynamics/tmp_ages-of-discord.txt_7vGt1Y
File split into chunks: /mnt/c/Users/nateg/OneDrive/Documentos/GitHub/arcanum/cliodynamics/tmp_ages-of-discord.txt_7vGt1Y/chunk_aa
/mnt/c/Users/nateg/OneDrive/Documentos/GitHub/arcanum/cliodynamics/tmp_ages-of-discord.txt_7vGt1Y/chunk_ab
/mnt/c/Users/nateg/OneDrive/Documentos/GitHub/arcanum/cliodynamics/tmp_ages-of-discord.txt_7vGt1Y/chunk_ac
/mnt/c/Users/nateg/OneDrive/Documentos/GitHub/arcanum/cliodynamics/tmp_ages-of-discord.txt_7vGt1Y/chunk_ad
/mnt/c/Users/nateg/OneDrive/Documentos/GitHub/arcanum/cliodynamics/tmp_ages-of-discord.txt_7vGt1Y/chunk_ae
/mnt/c/Users/nateg/OneDrive/Documentos/GitHub/arcanum/cliodynamics/tmp_ages-of-discord.txt_7vGt1Y/chunk_af
/mnt/c/Users/nateg/OneDrive/Documentos/GitHub/arcanum/cliodynamics/tmp_ages-of-discord.txt_7vGt1Y/chunk_ag
/mnt/c/Users/nateg/OneDrive/Documentos/GitHub/arcanum/cliodynamics/tmp_ages-of-discord.txt_7vGt1Y/chunk_ah
/mnt/c/Users/nateg/OneDrive/Documentos/GitHub/arcanum/cliodynamics/tmp_ages-of-discord.txt_7vGt1Y/chunk_ai
/mnt/c/Users/nateg/OneDrive/Documentos/GitHub/arcanum/cliodynamics/tmp_ages-of-discord.txt_7vGt1Y/chunk_aj
/mnt/c/Users/nateg/OneDrive/Documentos/GitHub/arcanum/cliodynamics/tmp_ages-of-discord.txt_7vGt1Y/chunk_ak
/mnt/c/Users/nateg/OneDrive/Documentos/GitHub/arcanum/cliodynamics/tmp_ages-of-discord.txt_7vGt1Y/chunk_al
/mnt/c/Users/nateg/OneDrive/Documentos/GitHub/arcanum/cliodynamics/tmp_ages-of-discord.txt_7vGt1Y/chunk_am
/mnt/c/Users/nateg/OneDrive/Documentos/GitHub/arcanum/cliodynamics/tmp_ages-of-discord.txt_7vGt1Y/chunk_an
/mnt/c/Users/nateg/OneDrive/Documentos/GitHub/arcanum/cliodynamics/tmp_ages-of-discord.txt_7vGt1Y/chunk_ao
/mnt/c/Users/nateg/OneDrive/Documentos/GitHub/arcanum/cliodynamics/tmp_ages-of-discord.txt_7vGt1Y/chunk_ap
/mnt/c/Users/nateg/OneDrive/Documentos/GitHub/arcanum/cliodynamics/tmp_ages-of-discord.txt_7vGt1Y/chunk_aq
/mnt/c/Users/nateg/OneDrive/Documentos/GitHub/arcanum/cliodynamics/tmp_ages-of-discord.txt_7vGt1Y/chunk_ar
Temporary directory /mnt/c/Users/nateg/OneDrive/Documentos/GitHub/arcanum/cliodynamics/tmp_ages-of-discord.txt_7vGt1Y removed
ages-of-discord.txt
Processing historical-dynamics.txt
Temporary directory created: /mnt/c/Users/nateg/OneDrive/Documentos/GitHub/arcanum/cliodynamics/tmp_historical-dynamics.txt_BNZuDa
File split into chunks: /mnt/c/Users/nateg/OneDrive/Documentos/GitHub/arcanum/cliodynamics/tmp_historical-dynamics.txt_BNZuDa/chunk_aa
/mnt/c/Users/nateg/OneDrive/Documentos/GitHub/arcanum/cliodynamics/tmp_historical-dynamics.txt_BNZuDa/chunk_ab
/mnt/c/Users/nateg/OneDrive/Documentos/GitHub/arcanum/cliodynamics/tmp_historical-dynamics.txt_BNZuDa/chunk_ac
/mnt/c/Users/nateg/OneDrive/Documentos/GitHub/arcanum/cliodynamics/tmp_historical-dynamics.txt_BNZuDa/chunk_ad
/mnt/c/Users/nateg/OneDrive/Documentos/GitHub/arcanum/cliodynamics/tmp_historical-dynamics.txt_BNZuDa/chunk_ae
/mnt/c/Users/nateg/OneDrive/Documentos/GitHub/arcanum/cliodynamics/tmp_historical-dynamics.txt_BNZuDa/chunk_af
/mnt/c/Users/nateg/OneDrive/Documentos/GitHub/arcanum/cliodynamics/tmp_historical-dynamics.txt_BNZuDa/chunk_ag
/mnt/c/Users/nateg/OneDrive/Documentos/GitHub/arcanum/cliodynamics/tmp_historical-dynamics.txt_BNZuDa/chunk_ah
/mnt/c/Users/nateg/OneDrive/Documentos/GitHub/arcanum/cliodynamics/tmp_historical-dynamics.txt_BNZuDa/chunk_ai
/mnt/c/Users/nateg/OneDrive/Documentos/GitHub/arcanum/cliodynamics/tmp_historical-dynamics.txt_BNZuDa/chunk_aj
/mnt/c/Users/nateg/OneDrive/Documentos/GitHub/arcanum/cliodynamics/tmp_historical-dynamics.txt_BNZuDa/chunk_ak
/mnt/c/Users/nateg/OneDrive/Documentos/GitHub/arcanum/cliodynamics/tmp_historical-dynamics.txt_BNZuDa/chunk_al
/mnt/c/Users/nateg/OneDrive/Documentos/GitHub/arcanum/cliodynamics/tmp_historical-dynamics.txt_BNZuDa/chunk_am
/mnt/c/Users/nateg/OneDrive/Documentos/GitHub/arcanum/cliodynamics/tmp_historical-dynamics.txt_BNZuDa/chunk_an
/mnt/c/Users/nateg/OneDrive/Documentos/GitHub/arcanum/cliodynamics/tmp_historical-dynamics.txt_BNZuDa/chunk_ao
/mnt/c/Users/nateg/OneDrive/Documentos/GitHub/arcanum/cliodynamics/tmp_historical-dynamics.txt_BNZuDa/chunk_ap
/mnt/c/Users/nateg/OneDrive/Documentos/GitHub/arcanum/cliodynamics/tmp_historical-dynamics.txt_BNZuDa/chunk_aq
/mnt/c/Users/nateg/OneDrive/Documentos/GitHub/arcanum/cliodynamics/tmp_historical-dynamics.txt_BNZuDa/chunk_ar
/mnt/c/Users/nateg/OneDrive/Documentos/GitHub/arcanum/cliodynamics/tmp_historical-dynamics.txt_BNZuDa/chunk_as
/mnt/c/Users/nateg/OneDrive/Documentos/GitHub/arcanum/cliodynamics/tmp_historical-dynamics.txt_BNZuDa/chunk_at
/mnt/c/Users/nateg/OneDrive/Documentos/GitHub/arcanum/cliodynamics/tmp_historical-dynamics.txt_BNZuDa/chunk_au
/mnt/c/Users/nateg/OneDrive/Documentos/GitHub/arcanum/cliodynamics/tmp_historical-dynamics.txt_BNZuDa/chunk_av
/mnt/c/Users/nateg/OneDrive/Documentos/GitHub/arcanum/cliodynamics/tmp_historical-dynamics.txt_BNZuDa/chunk_aw
/mnt/c/Users/nateg/OneDrive/Documentos/GitHub/arcanum/cliodynamics/tmp_historical-dynamics.txt_BNZuDa/chunk_ax
/mnt/c/Users/nateg/OneDrive/Documentos/GitHub/arcanum/cliodynamics/tmp_historical-dynamics.txt_BNZuDa/chunk_ay
/mnt/c/Users/nateg/OneDrive/Documentos/GitHub/arcanum/cliodynamics/tmp_historical-dynamics.txt_BNZuDa/chunk_az
/mnt/c/Users/nateg/OneDrive/Documentos/GitHub/arcanum/cliodynamics/tmp_historical-dynamics.txt_BNZuDa/chunk_ba
/mnt/c/Users/nateg/OneDrive/Documentos/GitHub/arcanum/cliodynamics/tmp_historical-dynamics.txt_BNZuDa/chunk_bb
/mnt/c/Users/nateg/OneDrive/Documentos/GitHub/arcanum/cliodynamics/tmp_historical-dynamics.txt_BNZuDa/chunk_bc
/mnt/c/Users/nateg/OneDrive/Documentos/GitHub/arcanum/cliodynamics/tmp_historical-dynamics.txt_BNZuDa/chunk_bd
/mnt/c/Users/nateg/OneDrive/Documentos/GitHub/arcanum/cliodynamics/tmp_historical-dynamics.txt_BNZuDa/chunk_be
/mnt/c/Users/nateg/OneDrive/Documentos/GitHub/arcanum/cliodynamics/tmp_historical-dynamics.txt_BNZuDa/chunk_bf
/mnt/c/Users/nateg/OneDrive/Documentos/GitHub/arcanum/cliodynamics/tmp_historical-dynamics.txt_BNZuDa/chunk_bg
/mnt/c/Users/nateg/OneDrive/Documentos/GitHub/arcanum/cliodynamics/tmp_historical-dynamics.txt_BNZuDa/chunk_bh
/mnt/c/Users/nateg/OneDrive/Documentos/GitHub/arcanum/cliodynamics/tmp_historical-dynamics.txt_BNZuDa/chunk_bi
/mnt/c/Users/nateg/OneDrive/Documentos/GitHub/arcanum/cliodynamics/tmp_historical-dynamics.txt_BNZuDa/chunk_bj
/mnt/c/Users/nateg/OneDrive/Documentos/GitHub/arcanum/cliodynamics/tmp_historical-dynamics.txt_BNZuDa/chunk_bk
/mnt/c/Users/nateg/OneDrive/Documentos/GitHub/arcanum/cliodynamics/tmp_historical-dynamics.txt_BNZuDa/chunk_bl
/mnt/c/Users/nateg/OneDrive/Documentos/GitHub/arcanum/cliodynamics/tmp_historical-dynamics.txt_BNZuDa/chunk_bm
/mnt/c/Users/nateg/OneDrive/Documentos/GitHub/arcanum/cliodynamics/tmp_historical-dynamics.txt_BNZuDa/chunk_bn
/mnt/c/Users/nateg/OneDrive/Documentos/GitHub/arcanum/cliodynamics/tmp_historical-dynamics.txt_BNZuDa/chunk_bo
/mnt/c/Users/nateg/OneDrive/Documentos/GitHub/arcanum/cliodynamics/tmp_historical-dynamics.txt_BNZuDa/chunk_bp
/mnt/c/Users/nateg/OneDrive/Documentos/GitHub/arcanum/cliodynamics/tmp_historical-dynamics.txt_BNZuDa/chunk_bq
/mnt/c/Users/nateg/OneDrive/Documentos/GitHub/arcanum/cliodynamics/tmp_historical-dynamics.txt_BNZuDa/chunk_br
/mnt/c/Users/nateg/OneDrive/Documentos/GitHub/arcanum/cliodynamics/tmp_historical-dynamics.txt_BNZuDa/chunk_bs
/mnt/c/Users/nateg/OneDrive/Documentos/GitHub/arcanum/cliodynamics/tmp_historical-dynamics.txt_BNZuDa/chunk_bt
/mnt/c/Users/nateg/OneDrive/Documentos/GitHub/arcanum/cliodynamics/tmp_historical-dynamics.txt_BNZuDa/chunk_bu
/mnt/c/Users/nateg/OneDrive/Documentos/GitHub/arcanum/cliodynamics/tmp_historical-dynamics.txt_BNZuDa/chunk_bv
/mnt/c/Users/nateg/OneDrive/Documentos/GitHub/arcanum/cliodynamics/tmp_historical-dynamics.txt_BNZuDa/chunk_bw
/mnt/c/Users/nateg/OneDrive/Documentos/GitHub/arcanum/cliodynamics/tmp_historical-dynamics.txt_BNZuDa/chunk_bx
/mnt/c/Users/nateg/OneDrive/Documentos/GitHub/arcanum/cliodynamics/tmp_historical-dynamics.txt_BNZuDa/chunk_by
/mnt/c/Users/nateg/OneDrive/Documentos/GitHub/arcanum/cliodynamics/tmp_historical-dynamics.txt_BNZuDa/chunk_bz
/mnt/c/Users/nateg/OneDrive/Documentos/GitHub/arcanum/cliodynamics/tmp_historical-dynamics.txt_BNZuDa/chunk_ca
/mnt/c/Users/nateg/OneDrive/Documentos/GitHub/arcanum/cliodynamics/tmp_historical-dynamics.txt_BNZuDa/chunk_cb
/mnt/c/Users/nateg/OneDrive/Documentos/GitHub/arcanum/cliodynamics/tmp_historical-dynamics.txt_BNZuDa/chunk_cc
/mnt/c/Users/nateg/OneDrive/Documentos/GitHub/arcanum/cliodynamics/tmp_historical-dynamics.txt_BNZuDa/chunk_cd
/mnt/c/Users/nateg/OneDrive/Documentos/GitHub/arcanum/cliodynamics/tmp_historical-dynamics.txt_BNZuDa/chunk_ce
/mnt/c/Users/nateg/OneDrive/Documentos/GitHub/arcanum/cliodynamics/tmp_historical-dynamics.txt_BNZuDa/chunk_cf
/mnt/c/Users/nateg/OneDrive/Documentos/GitHub/arcanum/cliodynamics/tmp_historical-dynamics.txt_BNZuDa/chunk_cg
/mnt/c/Users/nateg/OneDrive/Documentos/GitHub/arcanum/cliodynamics/tmp_historical-dynamics.txt_BNZuDa/chunk_ch
/mnt/c/Users/nateg/OneDrive/Documentos/GitHub/arcanum/cliodynamics/tmp_historical-dynamics.txt_BNZuDa/chunk_ci
/mnt/c/Users/nateg/OneDrive/Documentos/GitHub/arcanum/cliodynamics/tmp_historical-dynamics.txt_BNZuDa/chunk_cj
/mnt/c/Users/nateg/OneDrive/Documentos/GitHub/arcanum/cliodynamics/tmp_historical-dynamics.txt_BNZuDa/chunk_ck
/mnt/c/Users/nateg/OneDrive/Documentos/GitHub/arcanum/cliodynamics/tmp_historical-dynamics.txt_BNZuDa/chunk_cl
/mnt/c/Users/nateg/OneDrive/Documentos/GitHub/arcanum/cliodynamics/tmp_historical-dynamics.txt_BNZuDa/chunk_cm
/mnt/c/Users/nateg/OneDrive/Documentos/GitHub/arcanum/cliodynamics/tmp_historical-dynamics.txt_BNZuDa/chunk_cn
/mnt/c/Users/nateg/OneDrive/Documentos/GitHub/arcanum/cliodynamics/tmp_historical-dynamics.txt_BNZuDa/chunk_co
/mnt/c/Users/nateg/OneDrive/Documentos/GitHub/arcanum/cliodynamics/tmp_historical-dynamics.txt_BNZuDa/chunk_cp
/mnt/c/Users/nateg/OneDrive/Documentos/GitHub/arcanum/cliodynamics/tmp_historical-dynamics.txt_BNZuDa/chunk_cq
/mnt/c/Users/nateg/OneDrive/Documentos/GitHub/arcanum/cliodynamics/tmp_historical-dynamics.txt_BNZuDa/chunk_cr
/mnt/c/Users/nateg/OneDrive/Documentos/GitHub/arcanum/cliodynamics/tmp_historical-dynamics.txt_BNZuDa/chunk_cs
/mnt/c/Users/nateg/OneDrive/Documentos/GitHub/arcanum/cliodynamics/tmp_historical-dynamics.txt_BNZuDa/chunk_ct
/mnt/c/Users/nateg/OneDrive/Documentos/GitHub/arcanum/cliodynamics/tmp_historical-dynamics.txt_BNZuDa/chunk_cu
/mnt/c/Users/nateg/OneDrive/Documentos/GitHub/arcanum/cliodynamics/tmp_historical-dynamics.txt_BNZuDa/chunk_cv
/mnt/c/Users/nateg/OneDrive/Documentos/GitHub/arcanum/cliodynamics/tmp_historical-dynamics.txt_BNZuDa/chunk_cw
/mnt/c/Users/nateg/OneDrive/Documentos/GitHub/arcanum/cliodynamics/tmp_historical-dynamics.txt_BNZuDa/chunk_cx
/mnt/c/Users/nateg/OneDrive/Documentos/GitHub/arcanum/cliodynamics/tmp_historical-dynamics.txt_BNZuDa/chunk_cy
/mnt/c/Users/nateg/OneDrive/Documentos/GitHub/arcanum/cliodynamics/tmp_historical-dynamics.txt_BNZuDa/chunk_cz
/mnt/c/Users/nateg/OneDrive/Documentos/GitHub/arcanum/cliodynamics/tmp_historical-dynamics.txt_BNZuDa/chunk_da
/mnt/c/Users/nateg/OneDrive/Documentos/GitHub/arcanum/cliodynamics/tmp_historical-dynamics.txt_BNZuDa/chunk_db
/mnt/c/Users/nateg/OneDrive/Documentos/GitHub/arcanum/cliodynamics/tmp_historical-dynamics.txt_BNZuDa/chunk_dc
/mnt/c/Users/nateg/OneDrive/Documentos/GitHub/arcanum/cliodynamics/tmp_historical-dynamics.txt_BNZuDa/chunk_dd
/mnt/c/Users/nateg/OneDrive/Documentos/GitHub/arcanum/cliodynamics/tmp_historical-dynamics.txt_BNZuDa/chunk_de
/mnt/c/Users/nateg/OneDrive/Documentos/GitHub/arcanum/cliodynamics/tmp_historical-dynamics.txt_BNZuDa/chunk_df
/mnt/c/Users/nateg/OneDrive/Documentos/GitHub/arcanum/cliodynamics/tmp_historical-dynamics.txt_BNZuDa/chunk_dg
/mnt/c/Users/nateg/OneDrive/Documentos/GitHub/arcanum/cliodynamics/tmp_historical-dynamics.txt_BNZuDa/chunk_dh
/mnt/c/Users/nateg/OneDrive/Documentos/GitHub/arcanum/cliodynamics/tmp_historical-dynamics.txt_BNZuDa/chunk_di
/mnt/c/Users/nateg/OneDrive/Documentos/GitHub/arcanum/cliodynamics/tmp_historical-dynamics.txt_BNZuDa/chunk_dj
