1023-1030.txt
15.txt
16.txt
190-Article Text-408-1-10-20221201.txt
234681373.txt
4753-Article Text-15380-1-10-20240521.txt
5994-19153-1-PB.txt
7.-Nigerian-Pidgin-English-An-Effective-Communicative-Device.txt
Affia_Precious.txt
AgboPlag_2018-03-18.txt
FINAL_SWPL21_Nwoda.txt
IJILLAS-J-3-2023.txt
INJOCORH+Vol+1+No+1+(Complete)-pages-19.txt
IsNigerianPidginEnglishEnglish-Akande.txt
MakingNigerianPidginEnglishanOfficialLanguageinNigeriaProspectsandChallenges.txt
Nigerian English Dictionary.txt
NigerianPidginEnglish_BerylAnnetteEhondor.txt
Nigerian_Pidgin_English_A_Cultural_Unive.txt
Nigerian_Pidgin_English_The_identity_of_a_Nigerian.txt
Nigerian_Pidgin_English_phraseology.txt
Olowo-okere 2022 Demystifying Nigeria Pidgin English.txt
SJHSS_411_720-725.txt
The_Nigerian_Pidgin_English_A_Tool_for_N.txt
V11N1P7-2019_Approaches.txt
ajol-file-journals_499_articles_90405_submission_proof_90405-5893-227077-1-10-20130708.txt
eScholarship UC item 1wv209q5.txt
page-51-56671.txt
preliminary-research.txt
redaksi,+Owalo.txt
