[2025-03-20 17:37:44] Processing directory: /mnt/c/Users/nateg/OneDrive/Documentos/GitHub/arcanum/research
[2025-03-20 17:37:44] Processing file: 1023-1030.txt
[2025-03-20 17:37:44] Created temporary directory: /tmp/tmp.uwNbdZkOuu
[2025-03-20 17:37:44] Summarizing 1023-1030.txt_chunk_00.txt
[2025-03-20 17:38:08] Summarizing 1023-1030.txt_chunk_01.txt
[2025-03-20 17:38:29] Summarizing 1023-1030.txt_chunk_02.txt
[2025-03-20 17:38:51] Summarizing 1023-1030.txt_chunk_03.txt
[2025-03-20 17:39:14] Summarizing 1023-1030.txt_chunk_04.txt
[2025-03-20 17:39:39] Summarizing 1023-1030.txt_chunk_05.txt
[2025-03-20 17:40:07] Summarizing 1023-1030.txt_chunk_06.txt
[2025-03-20 17:40:28] Summarizing 1023-1030.txt_chunk_07.txt
[2025-03-20 17:40:53] Summarizing 1023-1030.txt_chunk_08.txt
[2025-03-20 17:41:18] Summarizing 1023-1030.txt_chunk_09.txt
[2025-03-20 17:41:35] Removed temp directory: /tmp/tmp.uwNbdZkOuu
[2025-03-20 17:41:35] Marked as processed: 1023-1030.txt
[2025-03-20 17:41:35] Processing file: 15.txt
[2025-03-20 17:41:35] Created temporary directory: /tmp/tmp.zNcx8IJn5A
[2025-03-20 17:41:35] Summarizing 15.txt_chunk_00.txt
[2025-03-20 17:41:52] Summarizing 15.txt_chunk_01.txt
[2025-03-20 17:42:19] Summarizing 15.txt_chunk_02.txt
[2025-03-20 17:42:41] Summarizing 15.txt_chunk_03.txt
[2025-03-20 17:43:11] Summarizing 15.txt_chunk_04.txt
[2025-03-20 17:43:36] Summarizing 15.txt_chunk_05.txt
[2025-03-20 17:43:49] Removed temp directory: /tmp/tmp.zNcx8IJn5A
[2025-03-20 17:43:49] Marked as processed: 15.txt
[2025-03-20 17:43:49] Processing file: 16.txt
[2025-03-20 17:43:49] Created temporary directory: /tmp/tmp.N0kr4a3wQb
[2025-03-20 17:43:49] Summarizing 16.txt_chunk_00.txt
[2025-03-20 17:44:06] Summarizing 16.txt_chunk_01.txt
[2025-03-20 17:44:27] Summarizing 16.txt_chunk_02.txt
[2025-03-20 17:44:46] Summarizing 16.txt_chunk_03.txt
[2025-03-20 17:45:03] Summarizing 16.txt_chunk_04.txt
[2025-03-20 17:45:27] Removed temp directory: /tmp/tmp.N0kr4a3wQb
[2025-03-20 17:45:27] Marked as processed: 16.txt
[2025-03-20 17:45:27] Processing file: 190-Article Text-408-1-10-20221201.txt
[2025-03-20 17:45:27] Created temporary directory: /tmp/tmp.0NjaeK4dqm
[2025-03-20 17:45:27] Summarizing 190-Article Text-408-1-10-20221201.txt_chunk_00.txt
[2025-03-20 17:45:41] Summarizing 190-Article Text-408-1-10-20221201.txt_chunk_01.txt
[2025-03-20 17:45:57] Summarizing 190-Article Text-408-1-10-20221201.txt_chunk_02.txt
[2025-03-20 17:46:12] Summarizing 190-Article Text-408-1-10-20221201.txt_chunk_03.txt
[2025-03-20 17:46:33] Summarizing 190-Article Text-408-1-10-20221201.txt_chunk_04.txt
[2025-03-20 17:46:53] Summarizing 190-Article Text-408-1-10-20221201.txt_chunk_05.txt
[2025-03-20 17:47:08] Summarizing 190-Article Text-408-1-10-20221201.txt_chunk_06.txt
[2025-03-20 17:47:23] Summarizing 190-Article Text-408-1-10-20221201.txt_chunk_07.txt
[2025-03-20 17:47:40] Summarizing 190-Article Text-408-1-10-20221201.txt_chunk_08.txt
[2025-03-20 17:47:51] Removed temp directory: /tmp/tmp.0NjaeK4dqm
[2025-03-20 17:47:51] Marked as processed: 190-Article Text-408-1-10-20221201.txt
[2025-03-20 17:47:51] Processing file: 234681373.txt
[2025-03-20 17:47:51] Created temporary directory: /tmp/tmp.RAHCh5GANX
[2025-03-20 17:47:51] Summarizing 234681373.txt_chunk_00.txt
[2025-03-20 17:48:16] Summarizing 234681373.txt_chunk_01.txt
[2025-03-20 17:48:35] Summarizing 234681373.txt_chunk_02.txt
[2025-03-20 17:48:50] Summarizing 234681373.txt_chunk_03.txt
[2025-03-20 17:49:07] Summarizing 234681373.txt_chunk_04.txt
[2025-03-20 17:49:34] Summarizing 234681373.txt_chunk_05.txt
[2025-03-20 17:50:07] Summarizing 234681373.txt_chunk_06.txt
[2025-03-20 17:50:27] Removed temp directory: /tmp/tmp.RAHCh5GANX
[2025-03-20 17:50:27] Marked as processed: 234681373.txt
[2025-03-20 17:50:27] Processing file: 4753-Article Text-15380-1-10-20240521.txt
[2025-03-20 17:50:27] Created temporary directory: /tmp/tmp.Skd6L62DSC
[2025-03-20 17:50:27] Summarizing 4753-Article Text-15380-1-10-20240521.txt_chunk_00.txt
[2025-03-20 17:50:48] Summarizing 4753-Article Text-15380-1-10-20240521.txt_chunk_01.txt
[2025-03-20 17:51:11] Summarizing 4753-Article Text-15380-1-10-20240521.txt_chunk_02.txt
[2025-03-20 17:51:39] Summarizing 4753-Article Text-15380-1-10-20240521.txt_chunk_03.txt
[2025-03-20 17:52:10] Summarizing 4753-Article Text-15380-1-10-20240521.txt_chunk_04.txt
[2025-03-20 17:52:24] Summarizing 4753-Article Text-15380-1-10-20240521.txt_chunk_05.txt
[2025-03-20 17:52:57] Summarizing 4753-Article Text-15380-1-10-20240521.txt_chunk_06.txt
[2025-03-20 17:53:28] Summarizing 4753-Article Text-15380-1-10-20240521.txt_chunk_07.txt
[2025-03-20 17:53:42] Summarizing 4753-Article Text-15380-1-10-20240521.txt_chunk_08.txt
[2025-03-20 17:53:50] Summarizing 4753-Article Text-15380-1-10-20240521.txt_chunk_09.txt
[2025-03-20 17:54:02] Summarizing 4753-Article Text-15380-1-10-20240521.txt_chunk_10.txt
[2025-03-20 17:54:19] Summarizing 4753-Article Text-15380-1-10-20240521.txt_chunk_11.txt
[2025-03-20 17:54:35] Removed temp directory: /tmp/tmp.Skd6L62DSC
[2025-03-20 17:54:35] Marked as processed: 4753-Article Text-15380-1-10-20240521.txt
[2025-03-20 17:54:35] Processing file: 5994-19153-1-PB.txt
[2025-03-20 17:54:35] Created temporary directory: /tmp/tmp.Ys7XrqvLNB
[2025-03-20 17:54:36] Summarizing 5994-19153-1-PB.txt_chunk_00.txt
[2025-03-20 17:54:55] Summarizing 5994-19153-1-PB.txt_chunk_01.txt
[2025-03-20 17:55:14] Summarizing 5994-19153-1-PB.txt_chunk_02.txt
[2025-03-20 17:55:30] Summarizing 5994-19153-1-PB.txt_chunk_03.txt
[2025-03-20 17:55:50] Summarizing 5994-19153-1-PB.txt_chunk_04.txt
[2025-03-20 17:56:14] Summarizing 5994-19153-1-PB.txt_chunk_05.txt
[2025-03-20 17:56:28] Summarizing 5994-19153-1-PB.txt_chunk_06.txt
[2025-03-20 17:56:47] Summarizing 5994-19153-1-PB.txt_chunk_07.txt
[2025-03-20 17:57:06] Summarizing 5994-19153-1-PB.txt_chunk_08.txt
[2025-03-20 17:57:28] Removed temp directory: /tmp/tmp.Ys7XrqvLNB
[2025-03-20 17:57:28] Marked as processed: 5994-19153-1-PB.txt
[2025-03-20 17:57:28] Processing file: 7.-Nigerian-Pidgin-English-An-Effective-Communicative-Device.txt
[2025-03-20 17:57:28] Created temporary directory: /tmp/tmp.EPFwpXXNZy
[2025-03-20 17:57:28] Summarizing 7.-Nigerian-Pidgin-English-An-Effective-Communicative-Device.txt_chunk_00.txt
[2025-03-20 17:57:48] Summarizing 7.-Nigerian-Pidgin-English-An-Effective-Communicative-Device.txt_chunk_01.txt
[2025-03-20 17:58:07] Summarizing 7.-Nigerian-Pidgin-English-An-Effective-Communicative-Device.txt_chunk_02.txt
[2025-03-20 17:58:34] Summarizing 7.-Nigerian-Pidgin-English-An-Effective-Communicative-Device.txt_chunk_03.txt
[2025-03-20 17:59:03] Summarizing 7.-Nigerian-Pidgin-English-An-Effective-Communicative-Device.txt_chunk_04.txt
[2025-03-20 17:59:32] Summarizing 7.-Nigerian-Pidgin-English-An-Effective-Communicative-Device.txt_chunk_05.txt
[2025-03-20 17:59:44] Summarizing 7.-Nigerian-Pidgin-English-An-Effective-Communicative-Device.txt_chunk_06.txt
[2025-03-20 17:59:54] Summarizing 7.-Nigerian-Pidgin-English-An-Effective-Communicative-Device.txt_chunk_07.txt
[2025-03-20 18:00:23] Summarizing 7.-Nigerian-Pidgin-English-An-Effective-Communicative-Device.txt_chunk_08.txt
[2025-03-20 18:00:48] Removed temp directory: /tmp/tmp.EPFwpXXNZy
[2025-03-20 18:00:48] Marked as processed: 7.-Nigerian-Pidgin-English-An-Effective-Communicative-Device.txt
[2025-03-20 18:00:48] Processing file: Affia_Precious.txt
[2025-03-20 18:00:48] Created temporary directory: /tmp/tmp.62VMGVZf9P
[2025-03-20 18:00:48] Summarizing Affia_Precious.txt_chunk_00.txt
[2025-03-20 18:01:03] Summarizing Affia_Precious.txt_chunk_01.txt
[2025-03-20 18:01:26] Summarizing Affia_Precious.txt_chunk_02.txt
[2025-03-20 18:01:51] Summarizing Affia_Precious.txt_chunk_03.txt
[2025-03-20 18:02:18] Summarizing Affia_Precious.txt_chunk_04.txt
[2025-03-20 18:02:30] Summarizing Affia_Precious.txt_chunk_05.txt
[2025-03-20 18:02:44] Summarizing Affia_Precious.txt_chunk_06.txt
[2025-03-20 18:03:12] Summarizing Affia_Precious.txt_chunk_07.txt
[2025-03-20 18:03:39] Summarizing Affia_Precious.txt_chunk_08.txt
[2025-03-20 18:03:57] Summarizing Affia_Precious.txt_chunk_09.txt
[2025-03-20 18:04:18] Summarizing Affia_Precious.txt_chunk_10.txt
[2025-03-20 18:04:37] Summarizing Affia_Precious.txt_chunk_11.txt
[2025-03-20 18:04:58] Summarizing Affia_Precious.txt_chunk_12.txt
[2025-03-20 18:05:13] Summarizing Affia_Precious.txt_chunk_13.txt
[2025-03-20 18:05:28] Summarizing Affia_Precious.txt_chunk_14.txt
[2025-03-20 18:05:44] Summarizing Affia_Precious.txt_chunk_15.txt
[2025-03-20 18:05:53] Summarizing Affia_Precious.txt_chunk_16.txt
[2025-03-20 18:06:09] Summarizing Affia_Precious.txt_chunk_17.txt
[2025-03-20 18:06:24] Summarizing Affia_Precious.txt_chunk_18.txt
[2025-03-20 18:06:45] Summarizing Affia_Precious.txt_chunk_19.txt
[2025-03-20 18:07:05] Summarizing Affia_Precious.txt_chunk_20.txt
[2025-03-20 18:07:27] Summarizing Affia_Precious.txt_chunk_21.txt
[2025-03-20 18:07:44] Summarizing Affia_Precious.txt_chunk_22.txt
[2025-03-20 18:08:02] Summarizing Affia_Precious.txt_chunk_23.txt
[2025-03-20 18:08:32] Summarizing Affia_Precious.txt_chunk_24.txt
[2025-03-20 18:08:50] Summarizing Affia_Precious.txt_chunk_25.txt
[2025-03-20 18:09:11] Summarizing Affia_Precious.txt_chunk_26.txt
[2025-03-20 18:09:31] Summarizing Affia_Precious.txt_chunk_27.txt
[2025-03-20 18:10:02] Summarizing Affia_Precious.txt_chunk_28.txt
[2025-03-20 18:10:16] Removed temp directory: /tmp/tmp.62VMGVZf9P
[2025-03-20 18:10:16] Marked as processed: Affia_Precious.txt
[2025-03-20 18:10:16] Processing file: AgboPlag_2018-03-18.txt
[2025-03-20 18:10:16] Created temporary directory: /tmp/tmp.MRUJQ5Cm1E
[2025-03-20 18:10:16] Summarizing AgboPlag_2018-03-18.txt_chunk_00.txt
[2025-03-20 18:10:49] Summarizing AgboPlag_2018-03-18.txt_chunk_01.txt
[2025-03-20 18:11:10] Summarizing AgboPlag_2018-03-18.txt_chunk_02.txt
[2025-03-20 18:11:31] Summarizing AgboPlag_2018-03-18.txt_chunk_03.txt
[2025-03-20 18:11:37] Summarizing AgboPlag_2018-03-18.txt_chunk_04.txt
[2025-03-20 18:11:47] Summarizing AgboPlag_2018-03-18.txt_chunk_05.txt
[2025-03-20 18:12:01] Summarizing AgboPlag_2018-03-18.txt_chunk_06.txt
[2025-03-20 18:12:12] Summarizing AgboPlag_2018-03-18.txt_chunk_07.txt
[2025-03-20 18:12:38] Summarizing AgboPlag_2018-03-18.txt_chunk_08.txt
[2025-03-20 18:12:58] Summarizing AgboPlag_2018-03-18.txt_chunk_09.txt
[2025-03-20 18:13:20] Summarizing AgboPlag_2018-03-18.txt_chunk_10.txt
[2025-03-20 18:13:33] Summarizing AgboPlag_2018-03-18.txt_chunk_11.txt
[2025-03-20 18:13:43] Summarizing AgboPlag_2018-03-18.txt_chunk_12.txt
[2025-03-20 18:14:05] Summarizing AgboPlag_2018-03-18.txt_chunk_13.txt
[2025-03-20 18:14:26] Summarizing AgboPlag_2018-03-18.txt_chunk_14.txt
[2025-03-20 18:14:43] Summarizing AgboPlag_2018-03-18.txt_chunk_15.txt
[2025-03-20 18:15:12] Removed temp directory: /tmp/tmp.MRUJQ5Cm1E
[2025-03-20 18:15:12] Marked as processed: AgboPlag_2018-03-18.txt
[2025-03-20 18:15:12] Processing file: FINAL_SWPL21_Nwoda.txt
[2025-03-20 18:15:12] Created temporary directory: /tmp/tmp.vajqe5ZkJl
[2025-03-20 18:15:12] Summarizing FINAL_SWPL21_Nwoda.txt_chunk_00.txt
[2025-03-20 18:15:29] Summarizing FINAL_SWPL21_Nwoda.txt_chunk_01.txt
[2025-03-20 18:15:47] Summarizing FINAL_SWPL21_Nwoda.txt_chunk_02.txt
[2025-03-20 18:16:17] Summarizing FINAL_SWPL21_Nwoda.txt_chunk_03.txt
[2025-03-20 18:16:40] Summarizing FINAL_SWPL21_Nwoda.txt_chunk_04.txt
[2025-03-20 18:16:57] Summarizing FINAL_SWPL21_Nwoda.txt_chunk_05.txt
[2025-03-20 18:17:08] Summarizing FINAL_SWPL21_Nwoda.txt_chunk_06.txt
[2025-03-20 18:17:36] Summarizing FINAL_SWPL21_Nwoda.txt_chunk_07.txt
[2025-03-20 18:17:59] Summarizing FINAL_SWPL21_Nwoda.txt_chunk_08.txt
[2025-03-20 18:18:17] Summarizing FINAL_SWPL21_Nwoda.txt_chunk_09.txt
[2025-03-20 18:18:39] Removed temp directory: /tmp/tmp.vajqe5ZkJl
[2025-03-20 18:18:39] Marked as processed: FINAL_SWPL21_Nwoda.txt
[2025-03-20 18:18:39] Processing file: IJILLAS-J-3-2023.txt
[2025-03-20 18:18:39] Created temporary directory: /tmp/tmp.hAi5zt9V5e
[2025-03-20 18:18:39] Summarizing IJILLAS-J-3-2023.txt_chunk_00.txt
[2025-03-20 18:18:57] Summarizing IJILLAS-J-3-2023.txt_chunk_01.txt
[2025-03-20 18:19:17] Summarizing IJILLAS-J-3-2023.txt_chunk_02.txt
[2025-03-20 18:19:40] Summarizing IJILLAS-J-3-2023.txt_chunk_03.txt
[2025-03-20 18:19:51] Summarizing IJILLAS-J-3-2023.txt_chunk_04.txt
[2025-03-20 18:20:16] Summarizing IJILLAS-J-3-2023.txt_chunk_05.txt
[2025-03-20 18:20:33] Summarizing IJILLAS-J-3-2023.txt_chunk_06.txt
[2025-03-20 18:20:50] Summarizing IJILLAS-J-3-2023.txt_chunk_07.txt
[2025-03-20 18:21:09] Summarizing IJILLAS-J-3-2023.txt_chunk_08.txt
[2025-03-20 18:21:24] Summarizing IJILLAS-J-3-2023.txt_chunk_09.txt
[2025-03-20 18:21:42] Summarizing IJILLAS-J-3-2023.txt_chunk_10.txt
[2025-03-20 18:21:57] Summarizing IJILLAS-J-3-2023.txt_chunk_11.txt
[2025-03-20 18:22:17] Removed temp directory: /tmp/tmp.hAi5zt9V5e
[2025-03-20 18:22:17] Marked as processed: IJILLAS-J-3-2023.txt
[2025-03-20 18:22:17] Processing file: INJOCORH+Vol+1+No+1+(Complete)-pages-19.txt
[2025-03-20 18:22:17] Created temporary directory: /tmp/tmp.iuZPPQvZm1
[2025-03-20 18:22:17] Summarizing INJOCORH+Vol+1+No+1+(Complete)-pages-19.txt_chunk_00.txt
[2025-03-20 18:22:43] Summarizing INJOCORH+Vol+1+No+1+(Complete)-pages-19.txt_chunk_01.txt
[2025-03-20 18:23:09] Summarizing INJOCORH+Vol+1+No+1+(Complete)-pages-19.txt_chunk_02.txt
[2025-03-20 18:23:33] Summarizing INJOCORH+Vol+1+No+1+(Complete)-pages-19.txt_chunk_03.txt
[2025-03-20 18:23:51] Summarizing INJOCORH+Vol+1+No+1+(Complete)-pages-19.txt_chunk_04.txt
[2025-03-20 18:24:49] Summarizing INJOCORH+Vol+1+No+1+(Complete)-pages-19.txt_chunk_05.txt
[2025-03-20 18:25:05] Removed temp directory: /tmp/tmp.iuZPPQvZm1
[2025-03-20 18:25:05] Marked as processed: INJOCORH+Vol+1+No+1+(Complete)-pages-19.txt
[2025-03-20 18:25:05] Processing file: IsNigerianPidginEnglishEnglish-Akande.txt
[2025-03-20 18:25:05] Created temporary directory: /tmp/tmp.747KegF5gi
[2025-03-20 18:25:05] Summarizing IsNigerianPidginEnglishEnglish-Akande.txt_chunk_00.txt
[2025-03-20 18:25:23] Summarizing IsNigerianPidginEnglishEnglish-Akande.txt_chunk_01.txt
[2025-03-20 18:25:41] Summarizing IsNigerianPidginEnglishEnglish-Akande.txt_chunk_02.txt
[2025-03-20 18:26:01] Summarizing IsNigerianPidginEnglishEnglish-Akande.txt_chunk_03.txt
[2025-03-20 18:26:18] Summarizing IsNigerianPidginEnglishEnglish-Akande.txt_chunk_04.txt
[2025-03-20 18:26:35] Summarizing IsNigerianPidginEnglishEnglish-Akande.txt_chunk_05.txt
[2025-03-20 18:26:47] Summarizing IsNigerianPidginEnglishEnglish-Akande.txt_chunk_06.txt
[2025-03-20 18:27:04] Summarizing IsNigerianPidginEnglishEnglish-Akande.txt_chunk_07.txt
[2025-03-20 18:27:18] Summarizing IsNigerianPidginEnglishEnglish-Akande.txt_chunk_08.txt
[2025-03-20 18:27:37] Summarizing IsNigerianPidginEnglishEnglish-Akande.txt_chunk_09.txt
[2025-03-20 18:27:50] Summarizing IsNigerianPidginEnglishEnglish-Akande.txt_chunk_10.txt
[2025-03-20 18:28:03] Summarizing IsNigerianPidginEnglishEnglish-Akande.txt_chunk_11.txt
[2025-03-20 18:28:27] Summarizing IsNigerianPidginEnglishEnglish-Akande.txt_chunk_12.txt
[2025-03-20 18:28:40] Summarizing IsNigerianPidginEnglishEnglish-Akande.txt_chunk_13.txt
[2025-03-20 18:29:20] Removed temp directory: /tmp/tmp.747KegF5gi
[2025-03-20 18:29:20] Marked as processed: IsNigerianPidginEnglishEnglish-Akande.txt
[2025-03-20 18:29:20] Processing file: MakingNigerianPidginEnglishanOfficialLanguageinNigeriaProspectsandChallenges.txt
[2025-03-20 18:29:20] Created temporary directory: /tmp/tmp.ZWsuGYf8iD
[2025-03-20 18:29:20] Summarizing MakingNigerianPidginEnglishanOfficialLanguageinNigeriaProspectsandChallenges.txt_chunk_00.txt
[2025-03-20 18:29:36] Summarizing MakingNigerianPidginEnglishanOfficialLanguageinNigeriaProspectsandChallenges.txt_chunk_01.txt
[2025-03-20 18:29:55] Summarizing MakingNigerianPidginEnglishanOfficialLanguageinNigeriaProspectsandChallenges.txt_chunk_02.txt
[2025-03-20 18:30:17] Summarizing MakingNigerianPidginEnglishanOfficialLanguageinNigeriaProspectsandChallenges.txt_chunk_03.txt
[2025-03-20 18:30:39] Summarizing MakingNigerianPidginEnglishanOfficialLanguageinNigeriaProspectsandChallenges.txt_chunk_04.txt
[2025-03-20 18:31:01] Summarizing MakingNigerianPidginEnglishanOfficialLanguageinNigeriaProspectsandChallenges.txt_chunk_05.txt
[2025-03-20 18:31:19] Summarizing MakingNigerianPidginEnglishanOfficialLanguageinNigeriaProspectsandChallenges.txt_chunk_06.txt
[2025-03-20 18:31:32] Summarizing MakingNigerianPidginEnglishanOfficialLanguageinNigeriaProspectsandChallenges.txt_chunk_07.txt
[2025-03-20 18:31:49] Summarizing MakingNigerianPidginEnglishanOfficialLanguageinNigeriaProspectsandChallenges.txt_chunk_08.txt
[2025-03-20 18:32:16] Summarizing MakingNigerianPidginEnglishanOfficialLanguageinNigeriaProspectsandChallenges.txt_chunk_09.txt
[2025-03-20 18:32:36] Summarizing MakingNigerianPidginEnglishanOfficialLanguageinNigeriaProspectsandChallenges.txt_chunk_10.txt
[2025-03-20 18:32:55] Summarizing MakingNigerianPidginEnglishanOfficialLanguageinNigeriaProspectsandChallenges.txt_chunk_11.txt
[2025-03-20 18:33:09] Summarizing MakingNigerianPidginEnglishanOfficialLanguageinNigeriaProspectsandChallenges.txt_chunk_12.txt
[2025-03-20 18:33:23] Summarizing MakingNigerianPidginEnglishanOfficialLanguageinNigeriaProspectsandChallenges.txt_chunk_13.txt
[2025-03-20 18:33:39] Summarizing MakingNigerianPidginEnglishanOfficialLanguageinNigeriaProspectsandChallenges.txt_chunk_14.txt
[2025-03-20 18:33:56] Removed temp directory: /tmp/tmp.ZWsuGYf8iD
[2025-03-20 18:33:56] Marked as processed: MakingNigerianPidginEnglishanOfficialLanguageinNigeriaProspectsandChallenges.txt
[2025-03-20 18:33:56] Processing file: Nigerian English Dictionary.txt
[2025-03-20 18:33:56] Created temporary directory: /tmp/tmp.ff1ZOc1I5B
[2025-03-20 18:33:56] Summarizing Nigerian English Dictionary.txt_chunk_00.txt
[2025-03-20 18:34:14] Summarizing Nigerian English Dictionary.txt_chunk_01.txt
[2025-03-20 18:34:39] Summarizing Nigerian English Dictionary.txt_chunk_02.txt
[2025-03-20 18:34:54] Summarizing Nigerian English Dictionary.txt_chunk_03.txt
[2025-03-20 18:35:10] Summarizing Nigerian English Dictionary.txt_chunk_04.txt
[2025-03-20 18:35:28] Summarizing Nigerian English Dictionary.txt_chunk_05.txt
[2025-03-20 18:35:42] Summarizing Nigerian English Dictionary.txt_chunk_06.txt
[2025-03-20 18:36:02] Summarizing Nigerian English Dictionary.txt_chunk_07.txt
[2025-03-20 18:36:23] Summarizing Nigerian English Dictionary.txt_chunk_08.txt
[2025-03-20 18:36:46] Summarizing Nigerian English Dictionary.txt_chunk_09.txt
[2025-03-20 18:37:02] Summarizing Nigerian English Dictionary.txt_chunk_10.txt
[2025-03-20 18:37:19] Summarizing Nigerian English Dictionary.txt_chunk_11.txt
[2025-03-20 18:37:42] Summarizing Nigerian English Dictionary.txt_chunk_12.txt
[2025-03-20 18:38:02] Summarizing Nigerian English Dictionary.txt_chunk_13.txt
[2025-03-20 18:38:27] Summarizing Nigerian English Dictionary.txt_chunk_14.txt
[2025-03-20 18:38:41] Summarizing Nigerian English Dictionary.txt_chunk_15.txt
[2025-03-20 18:39:03] Summarizing Nigerian English Dictionary.txt_chunk_16.txt
[2025-03-20 18:39:16] Summarizing Nigerian English Dictionary.txt_chunk_17.txt
[2025-03-20 18:39:40] Summarizing Nigerian English Dictionary.txt_chunk_18.txt
[2025-03-20 18:40:06] Summarizing Nigerian English Dictionary.txt_chunk_19.txt
[2025-03-20 18:40:31] Summarizing Nigerian English Dictionary.txt_chunk_20.txt
[2025-03-20 18:40:53] Summarizing Nigerian English Dictionary.txt_chunk_21.txt
[2025-03-20 18:41:21] Summarizing Nigerian English Dictionary.txt_chunk_22.txt
[2025-03-20 18:41:44] Summarizing Nigerian English Dictionary.txt_chunk_23.txt
[2025-03-20 18:42:03] Summarizing Nigerian English Dictionary.txt_chunk_24.txt
[2025-03-20 18:42:35] Summarizing Nigerian English Dictionary.txt_chunk_25.txt
[2025-03-20 18:42:56] Summarizing Nigerian English Dictionary.txt_chunk_26.txt
[2025-03-20 18:43:16] Summarizing Nigerian English Dictionary.txt_chunk_27.txt
[2025-03-20 18:43:33] Summarizing Nigerian English Dictionary.txt_chunk_28.txt
[2025-03-20 18:43:51] Summarizing Nigerian English Dictionary.txt_chunk_29.txt
[2025-03-20 18:44:09] Summarizing Nigerian English Dictionary.txt_chunk_30.txt
[2025-03-20 18:44:30] Summarizing Nigerian English Dictionary.txt_chunk_31.txt
[2025-03-20 18:44:45] Summarizing Nigerian English Dictionary.txt_chunk_32.txt
[2025-03-20 18:45:06] Summarizing Nigerian English Dictionary.txt_chunk_33.txt
[2025-03-20 18:45:56] Summarizing Nigerian English Dictionary.txt_chunk_34.txt
[2025-03-20 18:46:10] Summarizing Nigerian English Dictionary.txt_chunk_35.txt
[2025-03-20 18:46:31] Summarizing Nigerian English Dictionary.txt_chunk_36.txt
[2025-03-20 18:46:50] Summarizing Nigerian English Dictionary.txt_chunk_37.txt
[2025-03-20 18:47:14] Summarizing Nigerian English Dictionary.txt_chunk_38.txt
[2025-03-20 18:47:40] Summarizing Nigerian English Dictionary.txt_chunk_39.txt
[2025-03-20 18:48:07] Summarizing Nigerian English Dictionary.txt_chunk_40.txt
[2025-03-20 18:48:30] Summarizing Nigerian English Dictionary.txt_chunk_41.txt
[2025-03-20 18:48:52] Summarizing Nigerian English Dictionary.txt_chunk_42.txt
[2025-03-20 18:49:11] Summarizing Nigerian English Dictionary.txt_chunk_43.txt
[2025-03-20 18:49:36] Summarizing Nigerian English Dictionary.txt_chunk_44.txt
[2025-03-20 18:49:55] Summarizing Nigerian English Dictionary.txt_chunk_45.txt
[2025-03-20 18:50:20] Summarizing Nigerian English Dictionary.txt_chunk_46.txt
[2025-03-20 18:50:32] Summarizing Nigerian English Dictionary.txt_chunk_47.txt
[2025-03-20 18:50:37] Summarizing Nigerian English Dictionary.txt_chunk_48.txt
[2025-03-20 18:50:51] Summarizing Nigerian English Dictionary.txt_chunk_49.txt
[2025-03-20 18:51:16] Summarizing Nigerian English Dictionary.txt_chunk_50.txt
[2025-03-20 18:51:47] Summarizing Nigerian English Dictionary.txt_chunk_51.txt
[2025-03-20 18:52:01] Summarizing Nigerian English Dictionary.txt_chunk_52.txt
[2025-03-20 18:52:23] Summarizing Nigerian English Dictionary.txt_chunk_53.txt
[2025-03-20 18:52:45] Summarizing Nigerian English Dictionary.txt_chunk_54.txt
[2025-03-20 18:53:09] Summarizing Nigerian English Dictionary.txt_chunk_55.txt
[2025-03-20 18:53:31] Summarizing Nigerian English Dictionary.txt_chunk_56.txt
[2025-03-20 18:53:54] Summarizing Nigerian English Dictionary.txt_chunk_57.txt
[2025-03-20 18:54:21] Summarizing Nigerian English Dictionary.txt_chunk_58.txt
[2025-03-20 18:54:31] Summarizing Nigerian English Dictionary.txt_chunk_59.txt
[2025-03-20 18:54:52] Summarizing Nigerian English Dictionary.txt_chunk_60.txt
[2025-03-20 18:55:15] Summarizing Nigerian English Dictionary.txt_chunk_61.txt
[2025-03-20 18:55:52] Summarizing Nigerian English Dictionary.txt_chunk_62.txt
[2025-03-20 18:56:10] Summarizing Nigerian English Dictionary.txt_chunk_63.txt
[2025-03-20 18:56:48] Summarizing Nigerian English Dictionary.txt_chunk_64.txt
[2025-03-20 18:57:10] Summarizing Nigerian English Dictionary.txt_chunk_65.txt
[2025-03-20 18:57:33] Summarizing Nigerian English Dictionary.txt_chunk_66.txt
[2025-03-20 18:57:52] Summarizing Nigerian English Dictionary.txt_chunk_67.txt
[2025-03-20 18:58:08] Summarizing Nigerian English Dictionary.txt_chunk_68.txt
[2025-03-20 18:58:32] Summarizing Nigerian English Dictionary.txt_chunk_69.txt
[2025-03-20 18:58:47] Summarizing Nigerian English Dictionary.txt_chunk_70.txt
[2025-03-20 18:58:56] Removed temp directory: /tmp/tmp.ff1ZOc1I5B
[2025-03-20 18:58:56] Marked as processed: Nigerian English Dictionary.txt
[2025-03-20 18:58:56] Processing file: NigerianPidginEnglish_BerylAnnetteEhondor.txt
[2025-03-20 18:58:56] Created temporary directory: /tmp/tmp.2EtsMm2vQA
[2025-03-20 18:58:56] Summarizing NigerianPidginEnglish_BerylAnnetteEhondor.txt_chunk_00.txt
[2025-03-20 18:59:24] Summarizing NigerianPidginEnglish_BerylAnnetteEhondor.txt_chunk_01.txt
[2025-03-20 18:59:47] Summarizing NigerianPidginEnglish_BerylAnnetteEhondor.txt_chunk_02.txt
[2025-03-20 19:00:04] Summarizing NigerianPidginEnglish_BerylAnnetteEhondor.txt_chunk_03.txt
[2025-03-20 19:00:21] Removed temp directory: /tmp/tmp.2EtsMm2vQA
[2025-03-20 19:00:21] Marked as processed: NigerianPidginEnglish_BerylAnnetteEhondor.txt
[2025-03-20 19:00:21] Processing file: Nigerian_Pidgin_English_A_Cultural_Unive.txt
[2025-03-20 19:00:21] Created temporary directory: /tmp/tmp.o1gw4GHbo7
[2025-03-20 19:00:21] Summarizing Nigerian_Pidgin_English_A_Cultural_Unive.txt_chunk_00.txt
[2025-03-20 19:00:39] Summarizing Nigerian_Pidgin_English_A_Cultural_Unive.txt_chunk_01.txt
[2025-03-20 19:00:59] Summarizing Nigerian_Pidgin_English_A_Cultural_Unive.txt_chunk_02.txt
[2025-03-20 19:01:24] Summarizing Nigerian_Pidgin_English_A_Cultural_Unive.txt_chunk_03.txt
[2025-03-20 19:01:53] Removed temp directory: /tmp/tmp.o1gw4GHbo7
[2025-03-20 19:01:53] Marked as processed: Nigerian_Pidgin_English_A_Cultural_Unive.txt
[2025-03-20 19:01:53] Processing file: Nigerian_Pidgin_English_The_identity_of_a_Nigerian.txt
[2025-03-20 19:01:53] Created temporary directory: /tmp/tmp.iDZYgblsQp
[2025-03-20 19:01:53] Summarizing Nigerian_Pidgin_English_The_identity_of_a_Nigerian.txt_chunk_00.txt
[2025-03-20 19:02:07] Summarizing Nigerian_Pidgin_English_The_identity_of_a_Nigerian.txt_chunk_01.txt
[2025-03-20 19:02:25] Summarizing Nigerian_Pidgin_English_The_identity_of_a_Nigerian.txt_chunk_02.txt
[2025-03-20 19:02:43] Summarizing Nigerian_Pidgin_English_The_identity_of_a_Nigerian.txt_chunk_03.txt
[2025-03-20 19:03:04] Summarizing Nigerian_Pidgin_English_The_identity_of_a_Nigerian.txt_chunk_04.txt
[2025-03-20 19:03:23] Summarizing Nigerian_Pidgin_English_The_identity_of_a_Nigerian.txt_chunk_05.txt
[2025-03-20 19:03:41] Summarizing Nigerian_Pidgin_English_The_identity_of_a_Nigerian.txt_chunk_06.txt
[2025-03-20 19:03:59] Summarizing Nigerian_Pidgin_English_The_identity_of_a_Nigerian.txt_chunk_07.txt
[2025-03-20 19:04:16] Summarizing Nigerian_Pidgin_English_The_identity_of_a_Nigerian.txt_chunk_08.txt
[2025-03-20 19:04:30] Removed temp directory: /tmp/tmp.iDZYgblsQp
[2025-03-20 19:04:30] Marked as processed: Nigerian_Pidgin_English_The_identity_of_a_Nigerian.txt
[2025-03-20 19:04:30] Processing file: Nigerian_Pidgin_English_phraseology.txt
[2025-03-20 19:04:30] Created temporary directory: /tmp/tmp.fYuvXKJd1X
[2025-03-20 19:04:30] Summarizing Nigerian_Pidgin_English_phraseology.txt_chunk_00.txt
[2025-03-20 19:04:52] Summarizing Nigerian_Pidgin_English_phraseology.txt_chunk_01.txt
[2025-03-20 19:05:05] Summarizing Nigerian_Pidgin_English_phraseology.txt_chunk_02.txt
[2025-03-20 19:05:38] Summarizing Nigerian_Pidgin_English_phraseology.txt_chunk_03.txt
[2025-03-20 19:05:44] Summarizing Nigerian_Pidgin_English_phraseology.txt_chunk_04.txt
[2025-03-20 19:06:04] Summarizing Nigerian_Pidgin_English_phraseology.txt_chunk_05.txt
[2025-03-20 19:06:19] Summarizing Nigerian_Pidgin_English_phraseology.txt_chunk_06.txt
[2025-03-20 19:06:33] Summarizing Nigerian_Pidgin_English_phraseology.txt_chunk_07.txt
[2025-03-20 19:06:48] Summarizing Nigerian_Pidgin_English_phraseology.txt_chunk_08.txt
[2025-03-20 19:07:10] Summarizing Nigerian_Pidgin_English_phraseology.txt_chunk_09.txt
[2025-03-20 19:07:31] Summarizing Nigerian_Pidgin_English_phraseology.txt_chunk_10.txt
[2025-03-20 19:07:45] Removed temp directory: /tmp/tmp.fYuvXKJd1X
[2025-03-20 19:07:45] Marked as processed: Nigerian_Pidgin_English_phraseology.txt
[2025-03-20 19:07:45] Processing file: Olowo-okere 2022 Demystifying Nigeria Pidgin English.txt
[2025-03-20 19:07:45] Created temporary directory: /tmp/tmp.9JCuAIJG2B
[2025-03-20 19:07:45] Summarizing Olowo-okere 2022 Demystifying Nigeria Pidgin English.txt_chunk_00.txt
[2025-03-20 19:07:55] Removed temp directory: /tmp/tmp.9JCuAIJG2B
[2025-03-20 19:07:55] Marked as processed: Olowo-okere 2022 Demystifying Nigeria Pidgin English.txt
[2025-03-20 19:07:55] Processing file: SJHSS_411_720-725.txt
[2025-03-20 19:07:55] Created temporary directory: /tmp/tmp.pl7mQaDDDl
[2025-03-20 19:07:55] Summarizing SJHSS_411_720-725.txt_chunk_00.txt
[2025-03-20 19:08:13] Summarizing SJHSS_411_720-725.txt_chunk_01.txt
[2025-03-20 19:08:37] Summarizing SJHSS_411_720-725.txt_chunk_02.txt
[2025-03-20 19:08:51] Summarizing SJHSS_411_720-725.txt_chunk_03.txt
[2025-03-20 19:09:12] Summarizing SJHSS_411_720-725.txt_chunk_04.txt
[2025-03-20 19:09:31] Summarizing SJHSS_411_720-725.txt_chunk_05.txt
[2025-03-20 19:09:59] Summarizing SJHSS_411_720-725.txt_chunk_06.txt
[2025-03-20 19:10:17] Summarizing SJHSS_411_720-725.txt_chunk_07.txt
[2025-03-20 19:10:32] Removed temp directory: /tmp/tmp.pl7mQaDDDl
[2025-03-20 19:10:32] Marked as processed: SJHSS_411_720-725.txt
[2025-03-20 19:10:33] Processing file: The_Nigerian_Pidgin_English_A_Tool_for_N.txt
[2025-03-20 19:10:33] Created temporary directory: /tmp/tmp.lUgJ9zLXpU
[2025-03-20 19:10:33] Summarizing The_Nigerian_Pidgin_English_A_Tool_for_N.txt_chunk_00.txt
[2025-03-20 19:10:45] Summarizing The_Nigerian_Pidgin_English_A_Tool_for_N.txt_chunk_01.txt
[2025-03-20 19:11:08] Summarizing The_Nigerian_Pidgin_English_A_Tool_for_N.txt_chunk_02.txt
[2025-03-20 19:11:36] Summarizing The_Nigerian_Pidgin_English_A_Tool_for_N.txt_chunk_03.txt
[2025-03-20 19:12:02] Summarizing The_Nigerian_Pidgin_English_A_Tool_for_N.txt_chunk_04.txt
[2025-03-20 19:12:11] Removed temp directory: /tmp/tmp.lUgJ9zLXpU
[2025-03-20 19:12:11] Marked as processed: The_Nigerian_Pidgin_English_A_Tool_for_N.txt
[2025-03-20 19:12:11] Processing file: V11N1P7-2019_Approaches.txt
[2025-03-20 19:12:11] Created temporary directory: /tmp/tmp.C6inQTaX7D
[2025-03-20 19:12:11] Summarizing V11N1P7-2019_Approaches.txt_chunk_00.txt
[2025-03-20 19:12:28] Summarizing V11N1P7-2019_Approaches.txt_chunk_01.txt
[2025-03-20 19:12:49] Summarizing V11N1P7-2019_Approaches.txt_chunk_02.txt
[2025-03-20 19:13:12] Summarizing V11N1P7-2019_Approaches.txt_chunk_03.txt
[2025-03-20 19:13:25] Removed temp directory: /tmp/tmp.C6inQTaX7D
[2025-03-20 19:13:25] Marked as processed: V11N1P7-2019_Approaches.txt
[2025-03-20 19:13:25] Processing file: ajol-file-journals_499_articles_90405_submission_proof_90405-5893-227077-1-10-20130708.txt
[2025-03-20 19:13:25] Created temporary directory: /tmp/tmp.7VqYC59muK
[2025-03-20 19:13:25] Summarizing ajol-file-journals_499_articles_90405_submission_proof_90405-5893-227077-1-10-20130708.txt_chunk_00.txt
[2025-03-20 19:13:36] Summarizing ajol-file-journals_499_articles_90405_submission_proof_90405-5893-227077-1-10-20130708.txt_chunk_01.txt
[2025-03-20 19:13:48] Summarizing ajol-file-journals_499_articles_90405_submission_proof_90405-5893-227077-1-10-20130708.txt_chunk_02.txt
[2025-03-20 19:14:17] Summarizing ajol-file-journals_499_articles_90405_submission_proof_90405-5893-227077-1-10-20130708.txt_chunk_03.txt
[2025-03-20 19:14:44] Summarizing ajol-file-journals_499_articles_90405_submission_proof_90405-5893-227077-1-10-20130708.txt_chunk_04.txt
[2025-03-20 19:14:57] Summarizing ajol-file-journals_499_articles_90405_submission_proof_90405-5893-227077-1-10-20130708.txt_chunk_05.txt
[2025-03-20 19:15:27] Summarizing ajol-file-journals_499_articles_90405_submission_proof_90405-5893-227077-1-10-20130708.txt_chunk_06.txt
[2025-03-20 19:15:53] Summarizing ajol-file-journals_499_articles_90405_submission_proof_90405-5893-227077-1-10-20130708.txt_chunk_07.txt
[2025-03-20 19:16:18] Removed temp directory: /tmp/tmp.7VqYC59muK
[2025-03-20 19:16:18] Marked as processed: ajol-file-journals_499_articles_90405_submission_proof_90405-5893-227077-1-10-20130708.txt
[2025-03-20 19:16:18] Processing file: eScholarship UC item 1wv209q5.txt
[2025-03-20 19:16:18] Created temporary directory: /tmp/tmp.dl3cFRZjf9
[2025-03-20 19:16:18] Summarizing eScholarship UC item 1wv209q5.txt_chunk_00.txt
[2025-03-20 19:16:37] Summarizing eScholarship UC item 1wv209q5.txt_chunk_01.txt
[2025-03-20 19:16:44] Summarizing eScholarship UC item 1wv209q5.txt_chunk_02.txt
[2025-03-20 19:16:50] Summarizing eScholarship UC item 1wv209q5.txt_chunk_03.txt
[2025-03-20 19:16:58] Summarizing eScholarship UC item 1wv209q5.txt_chunk_04.txt
[2025-03-20 19:17:04] Summarizing eScholarship UC item 1wv209q5.txt_chunk_05.txt
[2025-03-20 19:17:14] Summarizing eScholarship UC item 1wv209q5.txt_chunk_06.txt
[2025-03-20 19:17:22] Summarizing eScholarship UC item 1wv209q5.txt_chunk_07.txt
[2025-03-20 19:17:29] Summarizing eScholarship UC item 1wv209q5.txt_chunk_08.txt
[2025-03-20 19:17:35] Summarizing eScholarship UC item 1wv209q5.txt_chunk_09.txt
[2025-03-20 19:17:39] Summarizing eScholarship UC item 1wv209q5.txt_chunk_10.txt
[2025-03-20 19:17:44] Summarizing eScholarship UC item 1wv209q5.txt_chunk_11.txt
[2025-03-20 19:17:50] Summarizing eScholarship UC item 1wv209q5.txt_chunk_12.txt
[2025-03-20 19:17:59] Summarizing eScholarship UC item 1wv209q5.txt_chunk_13.txt
[2025-03-20 19:18:09] Summarizing eScholarship UC item 1wv209q5.txt_chunk_14.txt
[2025-03-20 19:18:15] Removed temp directory: /tmp/tmp.dl3cFRZjf9
[2025-03-20 19:18:15] Marked as processed: eScholarship UC item 1wv209q5.txt
[2025-03-20 19:18:15] Processing file: page-51-56671.txt
[2025-03-20 19:18:15] Created temporary directory: /tmp/tmp.9NZFXISjqD
[2025-03-20 19:18:15] Summarizing page-51-56671.txt_chunk_00.txt
[2025-03-20 19:18:34] Summarizing page-51-56671.txt_chunk_01.txt
[2025-03-20 19:19:00] Summarizing page-51-56671.txt_chunk_02.txt
[2025-03-20 19:19:19] Removed temp directory: /tmp/tmp.9NZFXISjqD
[2025-03-20 19:19:19] Marked as processed: page-51-56671.txt
[2025-03-20 19:19:19] Processing file: preliminary-research.txt
[2025-03-20 19:19:19] Created temporary directory: /tmp/tmp.PBRJu8Xbvj
[2025-03-20 19:19:19] Summarizing preliminary-research.txt_chunk_00.txt
[2025-03-20 19:19:36] Summarizing preliminary-research.txt_chunk_01.txt
[2025-03-20 19:20:05] Summarizing preliminary-research.txt_chunk_02.txt
[2025-03-20 19:20:31] Summarizing preliminary-research.txt_chunk_03.txt
[2025-03-20 19:20:49] Summarizing preliminary-research.txt_chunk_04.txt
[2025-03-20 19:21:11] Summarizing preliminary-research.txt_chunk_05.txt
[2025-03-20 19:21:25] Summarizing preliminary-research.txt_chunk_06.txt
[2025-03-20 19:21:57] Summarizing preliminary-research.txt_chunk_07.txt
[2025-03-20 19:22:16] Summarizing preliminary-research.txt_chunk_08.txt
[2025-03-20 19:22:36] Summarizing preliminary-research.txt_chunk_09.txt
[2025-03-20 19:22:54] Summarizing preliminary-research.txt_chunk_10.txt
[2025-03-20 19:23:22] Summarizing preliminary-research.txt_chunk_11.txt
[2025-03-20 19:23:38] Summarizing preliminary-research.txt_chunk_12.txt
[2025-03-20 19:24:02] Summarizing preliminary-research.txt_chunk_13.txt
[2025-03-20 19:24:16] Summarizing preliminary-research.txt_chunk_14.txt
[2025-03-20 19:24:42] Summarizing preliminary-research.txt_chunk_15.txt
[2025-03-20 19:24:53] Summarizing preliminary-research.txt_chunk_16.txt
[2025-03-20 19:25:19] Summarizing preliminary-research.txt_chunk_17.txt
[2025-03-20 19:25:32] Summarizing preliminary-research.txt_chunk_18.txt
[2025-03-20 19:25:42] Summarizing preliminary-research.txt_chunk_19.txt
[2025-03-20 19:26:04] Summarizing preliminary-research.txt_chunk_20.txt
[2025-03-20 19:26:20] Summarizing preliminary-research.txt_chunk_21.txt
[2025-03-20 19:26:43] Summarizing preliminary-research.txt_chunk_22.txt
[2025-03-20 19:27:01] Summarizing preliminary-research.txt_chunk_23.txt
[2025-03-20 19:27:23] Summarizing preliminary-research.txt_chunk_24.txt
[2025-03-20 19:27:43] Summarizing preliminary-research.txt_chunk_25.txt
[2025-03-20 19:28:13] Summarizing preliminary-research.txt_chunk_26.txt
[2025-03-20 19:28:40] Summarizing preliminary-research.txt_chunk_27.txt
[2025-03-20 19:28:55] Summarizing preliminary-research.txt_chunk_28.txt
[2025-03-20 19:29:22] Summarizing preliminary-research.txt_chunk_29.txt
[2025-03-20 19:29:42] Summarizing preliminary-research.txt_chunk_30.txt
[2025-03-20 19:30:02] Summarizing preliminary-research.txt_chunk_31.txt
[2025-03-20 19:30:12] Summarizing preliminary-research.txt_chunk_32.txt
[2025-03-20 19:30:29] Summarizing preliminary-research.txt_chunk_33.txt
[2025-03-20 19:30:52] Summarizing preliminary-research.txt_chunk_34.txt
[2025-03-20 19:31:10] Summarizing preliminary-research.txt_chunk_35.txt
[2025-03-20 19:31:28] Summarizing preliminary-research.txt_chunk_36.txt
[2025-03-20 19:31:44] Summarizing preliminary-research.txt_chunk_37.txt
[2025-03-20 19:32:06] Summarizing preliminary-research.txt_chunk_38.txt
[2025-03-20 19:32:30] Summarizing preliminary-research.txt_chunk_39.txt
[2025-03-20 19:32:46] Summarizing preliminary-research.txt_chunk_40.txt
[2025-03-20 19:33:07] Summarizing preliminary-research.txt_chunk_41.txt
[2025-03-20 19:33:29] Summarizing preliminary-research.txt_chunk_42.txt
[2025-03-20 19:33:47] Summarizing preliminary-research.txt_chunk_43.txt
[2025-03-20 19:34:18] Summarizing preliminary-research.txt_chunk_44.txt
[2025-03-20 19:34:38] Summarizing preliminary-research.txt_chunk_45.txt
[2025-03-20 19:34:49] Summarizing preliminary-research.txt_chunk_46.txt
[2025-03-20 19:35:12] Summarizing preliminary-research.txt_chunk_47.txt
[2025-03-20 19:35:28] Summarizing preliminary-research.txt_chunk_48.txt
[2025-03-20 19:35:51] Summarizing preliminary-research.txt_chunk_49.txt
[2025-03-20 19:36:10] Summarizing preliminary-research.txt_chunk_50.txt
[2025-03-20 19:36:24] Summarizing preliminary-research.txt_chunk_51.txt
[2025-03-20 19:36:46] Summarizing preliminary-research.txt_chunk_52.txt
[2025-03-20 19:37:09] Summarizing preliminary-research.txt_chunk_53.txt
[2025-03-20 19:37:34] Summarizing preliminary-research.txt_chunk_54.txt
[2025-03-20 19:37:51] Summarizing preliminary-research.txt_chunk_55.txt
[2025-03-20 19:38:16] Summarizing preliminary-research.txt_chunk_56.txt
[2025-03-20 19:38:43] Summarizing preliminary-research.txt_chunk_57.txt
[2025-03-20 19:38:59] Summarizing preliminary-research.txt_chunk_58.txt
[2025-03-20 19:39:19] Summarizing preliminary-research.txt_chunk_59.txt
[2025-03-20 19:39:36] Summarizing preliminary-research.txt_chunk_60.txt
[2025-03-20 19:39:55] Summarizing preliminary-research.txt_chunk_61.txt
[2025-03-20 19:40:30] Summarizing preliminary-research.txt_chunk_62.txt
[2025-03-20 19:40:51] Summarizing preliminary-research.txt_chunk_63.txt
[2025-03-20 19:41:19] Summarizing preliminary-research.txt_chunk_64.txt
[2025-03-20 19:41:38] Summarizing preliminary-research.txt_chunk_65.txt
[2025-03-20 19:41:55] Summarizing preliminary-research.txt_chunk_66.txt
[2025-03-20 19:42:18] Summarizing preliminary-research.txt_chunk_67.txt
[2025-03-20 19:42:27] Summarizing preliminary-research.txt_chunk_68.txt
[2025-03-20 19:42:48] Summarizing preliminary-research.txt_chunk_69.txt
[2025-03-20 19:43:10] Summarizing preliminary-research.txt_chunk_70.txt
[2025-03-20 19:43:25] Summarizing preliminary-research.txt_chunk_71.txt
[2025-03-20 19:43:45] Summarizing preliminary-research.txt_chunk_72.txt
[2025-03-20 19:44:12] Summarizing preliminary-research.txt_chunk_73.txt
[2025-03-20 19:44:38] Summarizing preliminary-research.txt_chunk_74.txt
[2025-03-20 19:45:01] Summarizing preliminary-research.txt_chunk_75.txt
[2025-03-20 19:45:21] Summarizing preliminary-research.txt_chunk_76.txt
[2025-03-20 19:45:48] Summarizing preliminary-research.txt_chunk_77.txt
[2025-03-20 19:46:00] Summarizing preliminary-research.txt_chunk_78.txt
[2025-03-20 19:46:08] Summarizing preliminary-research.txt_chunk_79.txt
[2025-03-20 19:46:28] Summarizing preliminary-research.txt_chunk_80.txt
[2025-03-20 19:46:52] Summarizing preliminary-research.txt_chunk_81.txt
[2025-03-20 19:47:16] Summarizing preliminary-research.txt_chunk_82.txt
[2025-03-20 19:47:50] Summarizing preliminary-research.txt_chunk_83.txt
[2025-03-20 19:48:00] Summarizing preliminary-research.txt_chunk_84.txt
[2025-03-20 19:48:25] Summarizing preliminary-research.txt_chunk_85.txt
[2025-03-20 19:48:50] Summarizing preliminary-research.txt_chunk_86.txt
[2025-03-20 19:49:11] Summarizing preliminary-research.txt_chunk_87.txt
[2025-03-20 19:49:39] Summarizing preliminary-research.txt_chunk_88.txt
[2025-03-20 19:50:02] Summarizing preliminary-research.txt_chunk_89.txt
[2025-03-20 19:50:14] Summarizing preliminary-research.txt_chunk_9000.txt
[2025-03-20 19:50:34] Summarizing preliminary-research.txt_chunk_9001.txt
[2025-03-20 19:50:53] Summarizing preliminary-research.txt_chunk_9002.txt
[2025-03-20 19:51:04] Summarizing preliminary-research.txt_chunk_9003.txt
[2025-03-20 19:51:15] Summarizing preliminary-research.txt_chunk_9004.txt
[2025-03-20 19:51:44] Summarizing preliminary-research.txt_chunk_9005.txt
[2025-03-20 19:52:00] Summarizing preliminary-research.txt_chunk_9006.txt
[2025-03-20 19:52:24] Summarizing preliminary-research.txt_chunk_9007.txt
[2025-03-20 19:52:43] Summarizing preliminary-research.txt_chunk_9008.txt
[2025-03-20 19:52:56] Summarizing preliminary-research.txt_chunk_9009.txt
[2025-03-20 19:53:21] Summarizing preliminary-research.txt_chunk_9010.txt
[2025-03-20 19:53:44] Summarizing preliminary-research.txt_chunk_9011.txt
[2025-03-20 19:54:11] Summarizing preliminary-research.txt_chunk_9012.txt
[2025-03-20 19:54:35] Summarizing preliminary-research.txt_chunk_9013.txt
[2025-03-20 19:54:49] Summarizing preliminary-research.txt_chunk_9014.txt
[2025-03-20 19:55:07] Summarizing preliminary-research.txt_chunk_9015.txt
[2025-03-20 19:55:34] Summarizing preliminary-research.txt_chunk_9016.txt
[2025-03-20 19:55:53] Summarizing preliminary-research.txt_chunk_9017.txt
[2025-03-20 19:56:07] Summarizing preliminary-research.txt_chunk_9018.txt
[2025-03-20 19:56:19] Summarizing preliminary-research.txt_chunk_9019.txt
[2025-03-20 19:56:36] Summarizing preliminary-research.txt_chunk_9020.txt
[2025-03-20 19:56:57] Summarizing preliminary-research.txt_chunk_9021.txt
[2025-03-20 19:57:13] Summarizing preliminary-research.txt_chunk_9022.txt
[2025-03-20 19:57:33] Summarizing preliminary-research.txt_chunk_9023.txt
[2025-03-20 19:57:49] Summarizing preliminary-research.txt_chunk_9024.txt
[2025-03-20 19:58:14] Summarizing preliminary-research.txt_chunk_9025.txt
[2025-03-20 19:58:31] Summarizing preliminary-research.txt_chunk_9026.txt
[2025-03-20 19:58:49] Summarizing preliminary-research.txt_chunk_9027.txt
[2025-03-20 19:59:04] Summarizing preliminary-research.txt_chunk_9028.txt
[2025-03-20 19:59:25] Summarizing preliminary-research.txt_chunk_9029.txt
[2025-03-20 19:59:48] Summarizing preliminary-research.txt_chunk_9030.txt
[2025-03-20 19:59:56] Summarizing preliminary-research.txt_chunk_9031.txt
[2025-03-20 20:00:09] Summarizing preliminary-research.txt_chunk_9032.txt
[2025-03-20 20:00:29] Summarizing preliminary-research.txt_chunk_9033.txt
[2025-03-20 20:00:46] Removed temp directory: /tmp/tmp.PBRJu8Xbvj
[2025-03-20 20:00:46] Marked as processed: preliminary-research.txt
[2025-03-20 20:00:46] Processing file: redaksi,+Owalo.txt
[2025-03-20 20:00:46] Created temporary directory: /tmp/tmp.YzGLGNZXUW
[2025-03-20 20:00:46] Summarizing redaksi,+Owalo.txt_chunk_00.txt
[2025-03-20 20:01:03] Summarizing redaksi,+Owalo.txt_chunk_01.txt
[2025-03-20 20:01:29] Summarizing redaksi,+Owalo.txt_chunk_02.txt
[2025-03-20 20:01:45] Summarizing redaksi,+Owalo.txt_chunk_03.txt
[2025-03-20 20:02:01] Summarizing redaksi,+Owalo.txt_chunk_04.txt
[2025-03-20 20:02:21] Summarizing redaksi,+Owalo.txt_chunk_05.txt
[2025-03-20 20:02:35] Summarizing redaksi,+Owalo.txt_chunk_06.txt
[2025-03-20 20:02:44] Summarizing redaksi,+Owalo.txt_chunk_07.txt
[2025-03-20 20:03:08] Summarizing redaksi,+Owalo.txt_chunk_08.txt
[2025-03-20 20:03:25] Removed temp directory: /tmp/tmp.YzGLGNZXUW
[2025-03-20 20:03:25] Marked as processed: redaksi,+Owalo.txt
[2025-03-20 20:03:25] Script completed
